0 info it worked if it ends with ok
1 verbose cli [ 'node', '/usr/local/bin/npm', 'uninstall', 'phonegap' ]
2 info using npm@1.3.8
3 info using node@v0.10.18
4 info /Users/heversondamascenojucarolim/node_modules/phonegap unbuild
5 error Error: EACCES, unlink '/Users/heversondamascenojucarolim/node_modules/phonegap/node_modules/.bin/qrcode-terminal'
5 error  { [Error: EACCES, unlink '/Users/heversondamascenojucarolim/node_modules/phonegap/node_modules/.bin/qrcode-terminal']
5 error   errno: 3,
5 error   code: 'EACCES',
5 error   path: '/Users/heversondamascenojucarolim/node_modules/phonegap/node_modules/.bin/qrcode-terminal' }
6 error Please try running this command again as root/Administrator.
7 error System Darwin 12.5.0
8 error command "node" "/usr/local/bin/npm" "uninstall" "phonegap"
9 error cwd /Users/heversondamascenojucarolim/Workspace/Node/chatapp
10 error node -v v0.10.18
11 error npm -v 1.3.8
12 error path /Users/heversondamascenojucarolim/node_modules/phonegap/node_modules/.bin/qrcode-terminal
13 error code EACCES
14 error errno 3
15 error stack Error: EACCES, unlink '/Users/heversondamascenojucarolim/node_modules/phonegap/node_modules/.bin/qrcode-terminal'
16 verbose exit [ 3, true ]
